{"/Users/fer/Desktop/Uni/4 Curso/x TFG/app/frontend/src/components/LoadingDots.jsx": {"path":"/Users/fer/Desktop/Uni/4 Curso/x TFG/app/frontend/src/components/LoadingDots.jsx","statementMap":{"0":{"start":{"line":4,"column":2},"end":{"line":8,"column":null}}},"fnMap":{"0":{"name":"LoadingDots","decl":{"start":{"line":3,"column":9},"end":{"line":3,"column":null}},"loc":{"start":{"line":3,"column":9},"end":{"line":11,"column":null}},"line":3}},"branchMap":{},"s":{"0":4},"f":{"0":4},"b":{},"meta":{"lastBranch":0,"lastFunction":1,"lastStatement":1,"seen":{"f:3:9:3:Infinity":0,"s:4:2:8:Infinity":0}}}
,"/Users/fer/Desktop/Uni/4 Curso/x TFG/app/frontend/src/css/LoadingDots.css": {"path":"/Users/fer/Desktop/Uni/4 Curso/x TFG/app/frontend/src/css/LoadingDots.css","statementMap":{},"fnMap":{},"branchMap":{},"s":{},"f":{},"b":{},"meta":{"lastBranch":0,"lastFunction":0,"lastStatement":0,"seen":{}}}
,"/Users/fer/Desktop/Uni/4 Curso/x TFG/app/frontend/src/services/auth.service.js": {"path":"/Users/fer/Desktop/Uni/4 Curso/x TFG/app/frontend/src/services/auth.service.js","statementMap":{"0":{"start":{"line":1,"column":16},"end":{"line":1,"column":null}},"1":{"start":{"line":6,"column":21},"end":{"line":12,"column":null}},"2":{"start":{"line":14,"column":17},"end":{"line":14,"column":null}},"3":{"start":{"line":16,"column":4},"end":{"line":18,"column":null}},"4":{"start":{"line":17,"column":6},"end":{"line":17,"column":null}},"5":{"start":{"line":21,"column":4},"end":{"line":24,"column":null}},"6":{"start":{"line":22,"column":6},"end":{"line":22,"column":null}},"7":{"start":{"line":23,"column":6},"end":{"line":23,"column":null}},"8":{"start":{"line":26,"column":4},"end":{"line":26,"column":null}},"9":{"start":{"line":31,"column":21},"end":{"line":37,"column":null}},"10":{"start":{"line":39,"column":17},"end":{"line":39,"column":null}},"11":{"start":{"line":41,"column":4},"end":{"line":43,"column":null}},"12":{"start":{"line":42,"column":6},"end":{"line":42,"column":null}},"13":{"start":{"line":46,"column":4},"end":{"line":49,"column":null}},"14":{"start":{"line":47,"column":6},"end":{"line":47,"column":null}},"15":{"start":{"line":48,"column":6},"end":{"line":48,"column":null}},"16":{"start":{"line":51,"column":4},"end":{"line":51,"column":null}},"17":{"start":{"line":56,"column":18},"end":{"line":56,"column":null}},"18":{"start":{"line":58,"column":4},"end":{"line":69,"column":null}},"19":{"start":{"line":59,"column":6},"end":{"line":68,"column":null}},"20":{"start":{"line":60,"column":8},"end":{"line":65,"column":null}},"21":{"start":{"line":67,"column":8},"end":{"line":67,"column":null}},"22":{"start":{"line":72,"column":4},"end":{"line":72,"column":null}},"23":{"start":{"line":77,"column":25},"end":{"line":77,"column":null}},"24":{"start":{"line":79,"column":4},"end":{"line":81,"column":null}},"25":{"start":{"line":80,"column":6},"end":{"line":80,"column":null}},"26":{"start":{"line":83,"column":21},"end":{"line":89,"column":null}},"27":{"start":{"line":91,"column":17},"end":{"line":91,"column":null}},"28":{"start":{"line":93,"column":4},"end":{"line":96,"column":null}},"29":{"start":{"line":94,"column":6},"end":{"line":94,"column":null}},"30":{"start":{"line":95,"column":6},"end":{"line":95,"column":null}},"31":{"start":{"line":99,"column":4},"end":{"line":99,"column":null}},"32":{"start":{"line":101,"column":4},"end":{"line":101,"column":null}},"33":{"start":{"line":106,"column":4},"end":{"line":106,"column":null}},"34":{"start":{"line":107,"column":4},"end":{"line":107,"column":null}},"35":{"start":{"line":108,"column":4},"end":{"line":108,"column":null}},"36":{"start":{"line":113,"column":4},"end":{"line":113,"column":null}},"37":{"start":{"line":118,"column":4},"end":{"line":118,"column":null}},"38":{"start":{"line":123,"column":4},"end":{"line":123,"column":null}},"39":{"start":{"line":128,"column":17},"end":{"line":128,"column":null}},"40":{"start":{"line":129,"column":4},"end":{"line":129,"column":null}},"41":{"start":{"line":134,"column":4},"end":{"line":134,"column":null}},"42":{"start":{"line":139,"column":4},"end":{"line":139,"column":null}},"43":{"start":{"line":140,"column":4},"end":{"line":140,"column":null}},"44":{"start":{"line":141,"column":4},"end":{"line":141,"column":null}},"45":{"start":{"line":142,"column":4},"end":{"line":142,"column":null}},"46":{"start":{"line":147,"column":18},"end":{"line":147,"column":null}},"47":{"start":{"line":149,"column":4},"end":{"line":151,"column":null}},"48":{"start":{"line":150,"column":6},"end":{"line":150,"column":null}},"49":{"start":{"line":153,"column":21},"end":{"line":160,"column":null}},"50":{"start":{"line":162,"column":17},"end":{"line":162,"column":null}},"51":{"start":{"line":164,"column":4},"end":{"line":166,"column":null}},"52":{"start":{"line":165,"column":6},"end":{"line":165,"column":null}},"53":{"start":{"line":169,"column":4},"end":{"line":171,"column":null}},"54":{"start":{"line":170,"column":6},"end":{"line":170,"column":null}},"55":{"start":{"line":173,"column":4},"end":{"line":173,"column":null}}},"fnMap":{"0":{"name":"(anonymous_0)","decl":{"start":{"line":5,"column":8},"end":{"line":5,"column":16}},"loc":{"start":{"line":5,"column":44},"end":{"line":27,"column":null}},"line":5},"1":{"name":"(anonymous_1)","decl":{"start":{"line":30,"column":8},"end":{"line":30,"column":13}},"loc":{"start":{"line":30,"column":31},"end":{"line":52,"column":null}},"line":30},"2":{"name":"(anonymous_2)","decl":{"start":{"line":55,"column":8},"end":{"line":55,"column":14}},"loc":{"start":{"line":55,"column":17},"end":{"line":73,"column":null}},"line":55},"3":{"name":"(anonymous_3)","decl":{"start":{"line":76,"column":8},"end":{"line":76,"column":20}},"loc":{"start":{"line":76,"column":23},"end":{"line":102,"column":null}},"line":76},"4":{"name":"(anonymous_4)","decl":{"start":{"line":105,"column":2},"end":{"line":105,"column":11}},"loc":{"start":{"line":105,"column":39},"end":{"line":109,"column":null}},"line":105},"5":{"name":"(anonymous_5)","decl":{"start":{"line":112,"column":2},"end":{"line":112,"column":9}},"loc":{"start":{"line":112,"column":16},"end":{"line":114,"column":null}},"line":112},"6":{"name":"(anonymous_6)","decl":{"start":{"line":117,"column":2},"end":{"line":117,"column":16}},"loc":{"start":{"line":117,"column":19},"end":{"line":119,"column":null}},"line":117},"7":{"name":"(anonymous_7)","decl":{"start":{"line":122,"column":2},"end":{"line":122,"column":17}},"loc":{"start":{"line":122,"column":20},"end":{"line":124,"column":null}},"line":122},"8":{"name":"(anonymous_8)","decl":{"start":{"line":127,"column":2},"end":{"line":127,"column":9}},"loc":{"start":{"line":127,"column":12},"end":{"line":130,"column":null}},"line":127},"9":{"name":"(anonymous_9)","decl":{"start":{"line":133,"column":2},"end":{"line":133,"column":17}},"loc":{"start":{"line":133,"column":20},"end":{"line":135,"column":null}},"line":133},"10":{"name":"(anonymous_10)","decl":{"start":{"line":138,"column":2},"end":{"line":138,"column":15}},"loc":{"start":{"line":138,"column":18},"end":{"line":143,"column":null}},"line":138},"11":{"name":"(anonymous_11)","decl":{"start":{"line":146,"column":8},"end":{"line":146,"column":25}},"loc":{"start":{"line":146,"column":47},"end":{"line":174,"column":null}},"line":146}},"branchMap":{"0":{"loc":{"start":{"line":16,"column":4},"end":{"line":18,"column":null}},"type":"if","locations":[{"start":{"line":16,"column":4},"end":{"line":18,"column":null}},{"start":{},"end":{}}],"line":16},"1":{"loc":{"start":{"line":17,"column":22},"end":{"line":17,"column":80}},"type":"binary-expr","locations":[{"start":{"line":17,"column":22},"end":{"line":17,"column":32}},{"start":{"line":17,"column":36},"end":{"line":17,"column":48}},{"start":{"line":17,"column":52},"end":{"line":17,"column":80}}],"line":17},"2":{"loc":{"start":{"line":21,"column":4},"end":{"line":24,"column":null}},"type":"if","locations":[{"start":{"line":21,"column":4},"end":{"line":24,"column":null}},{"start":{},"end":{}}],"line":21},"3":{"loc":{"start":{"line":41,"column":4},"end":{"line":43,"column":null}},"type":"if","locations":[{"start":{"line":41,"column":4},"end":{"line":43,"column":null}},{"start":{},"end":{}}],"line":41},"4":{"loc":{"start":{"line":42,"column":22},"end":{"line":42,"column":77}},"type":"binary-expr","locations":[{"start":{"line":42,"column":22},"end":{"line":42,"column":32}},{"start":{"line":42,"column":36},"end":{"line":42,"column":48}},{"start":{"line":42,"column":52},"end":{"line":42,"column":77}}],"line":42},"5":{"loc":{"start":{"line":46,"column":4},"end":{"line":49,"column":null}},"type":"if","locations":[{"start":{"line":46,"column":4},"end":{"line":49,"column":null}},{"start":{},"end":{}}],"line":46},"6":{"loc":{"start":{"line":58,"column":4},"end":{"line":69,"column":null}},"type":"if","locations":[{"start":{"line":58,"column":4},"end":{"line":69,"column":null}},{"start":{},"end":{}}],"line":58},"7":{"loc":{"start":{"line":79,"column":4},"end":{"line":81,"column":null}},"type":"if","locations":[{"start":{"line":79,"column":4},"end":{"line":81,"column":null}},{"start":{},"end":{}}],"line":79},"8":{"loc":{"start":{"line":93,"column":4},"end":{"line":96,"column":null}},"type":"if","locations":[{"start":{"line":93,"column":4},"end":{"line":96,"column":null}},{"start":{},"end":{}}],"line":93},"9":{"loc":{"start":{"line":95,"column":22},"end":{"line":95,"column":62}},"type":"binary-expr","locations":[{"start":{"line":95,"column":22},"end":{"line":95,"column":32}},{"start":{"line":95,"column":36},"end":{"line":95,"column":62}}],"line":95},"10":{"loc":{"start":{"line":129,"column":11},"end":{"line":129,"column":null}},"type":"cond-expr","locations":[{"start":{"line":129,"column":18},"end":{"line":129,"column":34}},{"start":{"line":129,"column":37},"end":{"line":129,"column":null}}],"line":129},"11":{"loc":{"start":{"line":134,"column":11},"end":{"line":134,"column":null}},"type":"binary-expr","locations":[{"start":{"line":134,"column":11},"end":{"line":134,"column":61}},{"start":{"line":134,"column":65},"end":{"line":134,"column":null}}],"line":134},"12":{"loc":{"start":{"line":149,"column":4},"end":{"line":151,"column":null}},"type":"if","locations":[{"start":{"line":149,"column":4},"end":{"line":151,"column":null}},{"start":{},"end":{}}],"line":149},"13":{"loc":{"start":{"line":164,"column":4},"end":{"line":166,"column":null}},"type":"if","locations":[{"start":{"line":164,"column":4},"end":{"line":166,"column":null}},{"start":{},"end":{}}],"line":164},"14":{"loc":{"start":{"line":165,"column":22},"end":{"line":165,"column":65}},"type":"binary-expr","locations":[{"start":{"line":165,"column":22},"end":{"line":165,"column":32}},{"start":{"line":165,"column":36},"end":{"line":165,"column":65}}],"line":165},"15":{"loc":{"start":{"line":169,"column":4},"end":{"line":171,"column":null}},"type":"if","locations":[{"start":{"line":169,"column":4},"end":{"line":171,"column":null}},{"start":{},"end":{}}],"line":169}},"s":{"0":1,"1":2,"2":2,"3":2,"4":1,"5":1,"6":1,"7":1,"8":1,"9":3,"10":3,"11":3,"12":1,"13":2,"14":1,"15":1,"16":2,"17":3,"18":3,"19":2,"20":2,"21":1,"22":3,"23":0,"24":0,"25":0,"26":0,"27":0,"28":0,"29":0,"30":0,"31":0,"32":0,"33":3,"34":3,"35":3,"36":3,"37":7,"38":1,"39":3,"40":3,"41":4,"42":5,"43":5,"44":5,"45":5,"46":0,"47":0,"48":0,"49":0,"50":0,"51":0,"52":0,"53":0,"54":0,"55":0},"f":{"0":2,"1":3,"2":3,"3":0,"4":3,"5":3,"6":7,"7":1,"8":3,"9":4,"10":5,"11":0},"b":{"0":[1,1],"1":[1,0,0],"2":[1,0],"3":[1,2],"4":[1,0,0],"5":[1,1],"6":[2,1],"7":[0,0],"8":[0,0],"9":[0,0],"10":[2,1],"11":[4,2],"12":[0,0],"13":[0,0],"14":[0,0],"15":[0,0]},"meta":{"lastBranch":16,"lastFunction":12,"lastStatement":56,"seen":{"s:1:16:1:Infinity":0,"f:5:8:5:16":0,"s:6:21:12:Infinity":1,"s:14:17:14:Infinity":2,"b:16:4:18:Infinity:undefined:undefined:undefined:undefined":0,"s:16:4:18:Infinity":3,"s:17:6:17:Infinity":4,"b:17:22:17:32:17:36:17:48:17:52:17:80":1,"b:21:4:24:Infinity:undefined:undefined:undefined:undefined":2,"s:21:4:24:Infinity":5,"s:22:6:22:Infinity":6,"s:23:6:23:Infinity":7,"s:26:4:26:Infinity":8,"f:30:8:30:13":1,"s:31:21:37:Infinity":9,"s:39:17:39:Infinity":10,"b:41:4:43:Infinity:undefined:undefined:undefined:undefined":3,"s:41:4:43:Infinity":11,"s:42:6:42:Infinity":12,"b:42:22:42:32:42:36:42:48:42:52:42:77":4,"b:46:4:49:Infinity:undefined:undefined:undefined:undefined":5,"s:46:4:49:Infinity":13,"s:47:6:47:Infinity":14,"s:48:6:48:Infinity":15,"s:51:4:51:Infinity":16,"f:55:8:55:14":2,"s:56:18:56:Infinity":17,"b:58:4:69:Infinity:undefined:undefined:undefined:undefined":6,"s:58:4:69:Infinity":18,"s:59:6:68:Infinity":19,"s:60:8:65:Infinity":20,"s:67:8:67:Infinity":21,"s:72:4:72:Infinity":22,"f:76:8:76:20":3,"s:77:25:77:Infinity":23,"b:79:4:81:Infinity:undefined:undefined:undefined:undefined":7,"s:79:4:81:Infinity":24,"s:80:6:80:Infinity":25,"s:83:21:89:Infinity":26,"s:91:17:91:Infinity":27,"b:93:4:96:Infinity:undefined:undefined:undefined:undefined":8,"s:93:4:96:Infinity":28,"s:94:6:94:Infinity":29,"s:95:6:95:Infinity":30,"b:95:22:95:32:95:36:95:62":9,"s:99:4:99:Infinity":31,"s:101:4:101:Infinity":32,"f:105:2:105:11":4,"s:106:4:106:Infinity":33,"s:107:4:107:Infinity":34,"s:108:4:108:Infinity":35,"f:112:2:112:9":5,"s:113:4:113:Infinity":36,"f:117:2:117:16":6,"s:118:4:118:Infinity":37,"f:122:2:122:17":7,"s:123:4:123:Infinity":38,"f:127:2:127:9":8,"s:128:17:128:Infinity":39,"s:129:4:129:Infinity":40,"b:129:18:129:34:129:37:129:Infinity":10,"f:133:2:133:17":9,"s:134:4:134:Infinity":41,"b:134:11:134:61:134:65:134:Infinity":11,"f:138:2:138:15":10,"s:139:4:139:Infinity":42,"s:140:4:140:Infinity":43,"s:141:4:141:Infinity":44,"s:142:4:142:Infinity":45,"f:146:8:146:25":11,"s:147:18:147:Infinity":46,"b:149:4:151:Infinity:undefined:undefined:undefined:undefined":12,"s:149:4:151:Infinity":47,"s:150:6:150:Infinity":48,"s:153:21:160:Infinity":49,"s:162:17:162:Infinity":50,"b:164:4:166:Infinity:undefined:undefined:undefined:undefined":13,"s:164:4:166:Infinity":51,"s:165:6:165:Infinity":52,"b:165:22:165:32:165:36:165:65":14,"b:169:4:171:Infinity:undefined:undefined:undefined:undefined":15,"s:169:4:171:Infinity":53,"s:170:6:170:Infinity":54,"s:173:4:173:Infinity":55}}}
}
