TN:
SF:src/components/LoadingDots.jsx
FN:3,LoadingDots
FNF:1
FNH:1
FNDA:4,LoadingDots
DA:4,4
LF:1
LH:1
BRF:0
BRH:0
end_of_record
TN:
SF:src/css/LoadingDots.css
FNF:0
FNH:0
LF:0
LH:0
BRF:0
BRH:0
end_of_record
TN:
SF:src/services/auth.service.js
FN:5,(anonymous_0)
FN:30,(anonymous_1)
FN:55,(anonymous_2)
FN:76,(anonymous_3)
FN:105,(anonymous_4)
FN:112,(anonymous_5)
FN:117,(anonymous_6)
FN:122,(anonymous_7)
FN:127,(anonymous_8)
FN:133,(anonymous_9)
FN:138,(anonymous_10)
FN:146,(anonymous_11)
FNF:12
FNH:10
FNDA:2,(anonymous_0)
FNDA:3,(anonymous_1)
FNDA:3,(anonymous_2)
FNDA:0,(anonymous_3)
FNDA:3,(anonymous_4)
FNDA:3,(anonymous_5)
FNDA:7,(anonymous_6)
FNDA:1,(anonymous_7)
FNDA:3,(anonymous_8)
FNDA:4,(anonymous_9)
FNDA:5,(anonymous_10)
FNDA:0,(anonymous_11)
DA:1,1
DA:6,2
DA:14,2
DA:16,2
DA:17,1
DA:21,1
DA:22,1
DA:23,1
DA:26,1
DA:31,3
DA:39,3
DA:41,3
DA:42,1
DA:46,2
DA:47,1
DA:48,1
DA:51,2
DA:56,3
DA:58,3
DA:59,2
DA:60,2
DA:67,1
DA:72,3
DA:77,0
DA:79,0
DA:80,0
DA:83,0
DA:91,0
DA:93,0
DA:94,0
DA:95,0
DA:99,0
DA:101,0
DA:106,3
DA:107,3
DA:108,3
DA:113,3
DA:118,7
DA:123,1
DA:128,3
DA:129,3
DA:134,4
DA:139,5
DA:140,5
DA:141,5
DA:142,5
DA:147,0
DA:149,0
DA:150,0
DA:153,0
DA:162,0
DA:164,0
DA:165,0
DA:169,0
DA:170,0
DA:173,0
LF:56
LH:36
BRDA:16,0,0,1
BRDA:16,0,1,1
BRDA:17,1,0,1
BRDA:17,1,1,0
BRDA:17,1,2,0
BRDA:21,2,0,1
BRDA:21,2,1,0
BRDA:41,3,0,1
BRDA:41,3,1,2
BRDA:42,4,0,1
BRDA:42,4,1,0
BRDA:42,4,2,0
BRDA:46,5,0,1
BRDA:46,5,1,1
BRDA:58,6,0,2
BRDA:58,6,1,1
BRDA:79,7,0,0
BRDA:79,7,1,0
BRDA:93,8,0,0
BRDA:93,8,1,0
BRDA:95,9,0,0
BRDA:95,9,1,0
BRDA:129,10,0,2
BRDA:129,10,1,1
BRDA:134,11,0,4
BRDA:134,11,1,2
BRDA:149,12,0,0
BRDA:149,12,1,0
BRDA:164,13,0,0
BRDA:164,13,1,0
BRDA:165,14,0,0
BRDA:165,14,1,0
BRDA:169,15,0,0
BRDA:169,15,1,0
BRF:34
BRH:15
end_of_record
